# JRE version: OpenJDK Runtime Environment (21.0.5) (build 21.0.5+-12932927-b750.29)
# Java VM: OpenJDK 64-Bit Server VM (21.0.5+-12932927-b750.29, mixed mode, tiered, compressed oops, compressed class ptrs, g1 gc, windows-amd64)
GC Precious Log:
 CardTable entry size: 512
 Card Set container configuration: InlinePtr #cards 5 size 8 Array Of Cards #cards 12 size 40 Howl #buckets 4 coarsen threshold 1843 Howl Bitmap #cards 512 size 80 coarsen threshold 460 Card regions per heap region 1 cards per card region 2048
 CPUs: 2 total, 2 available
 Memory: 4092M
 Large Page Support: Disabled
 NUMA Support: Disabled
 Compressed Oops: Enabled (32-bit)
 Heap Region Size: 1M
 Heap Min Capacity: 8M
 Heap Initial Capacity: 64M
 Heap Max Capacity: 2G
 Pre-touch: Disabled
 Parallel Workers: 2
 Concurrent Workers: 1
 Concurrent Refinement Workers: 2
 Periodic GC: Disabled
Heap:
 garbage-first heap   total 121856K, used 59472K [0x0000000080000000, 0x0000000100000000)
  region size 1024K, 4 young (4096K), 4 survivors (4096K)
 Metaspace       used 59432K, committed 60736K, reserved 1114112K
  class space    used 7840K, committed 8512K, reserved 1048576K
GC Heap History (20 events):
Event: 113.981 GC heap after
{Heap after GC invocations=52 (full 0):
 garbage-first heap   total 121856K, used 59815K [0x0000000080000000, 0x0000000100000000)
  region size 1024K, 5 young (5120K), 5 survivors (5120K)
 Metaspace       used 58880K, committed 60224K, reserved 1114112K
  class space    used 7789K, committed 8448K, reserved 1048576K
}
Event: 117.951 GC heap before
{Heap before GC invocations=52 (full 0):
 garbage-first heap   total 121856K, used 108967K [0x0000000080000000, 0x0000000100000000)
  region size 1024K, 53 young (54272K), 5 survivors (5120K)
 Metaspace       used 58881K, committed 60224K, reserved 1114112K
  class space    used 7789K, committed 8448K, reserved 1048576K
}
Event: 117.962 GC heap after
{Heap after GC invocations=53 (full 0):
 garbage-first heap   total 121856K, used 59926K [0x0000000080000000, 0x0000000100000000)
  region size 1024K, 4 young (4096K), 4 survivors (4096K)
 Metaspace       used 58881K, committed 60224K, reserved 1114112K
  class space    used 7789K, committed 8448K, reserved 1048576K
}
Event: 118.792 GC heap before
{Heap before GC invocations=54 (full 0):
 garbage-first heap   total 121856K, used 110102K [0x0000000080000000, 0x0000000100000000)
  region size 1024K, 53 young (54272K), 4 survivors (4096K)
 Metaspace       used 58881K, committed 60224K, reserved 1114112K
  class space    used 7789K, committed 8448K, reserved 1048576K
}
Event: 118.929 GC heap after
{Heap after GC invocations=55 (full 0):
 garbage-first heap   total 121856K, used 60003K [0x0000000080000000, 0x0000000100000000)
  region size 1024K, 4 young (4096K), 4 survivors (4096K)
 Metaspace       used 58881K, committed 60224K, reserved 1114112K
  class space    used 7789K, committed 8448K, reserved 1048576K
}
Event: 120.187 GC heap before
{Heap before GC invocations=55 (full 0):
 garbage-first heap   total 121856K, used 110179K [0x0000000080000000, 0x0000000100000000)
  region size 1024K, 53 young (54272K), 4 survivors (4096K)
 Metaspace       used 58882K, committed 60224K, reserved 1114112K
  class space    used 7789K, committed 8448K, reserved 1048576K
}
Event: 120.197 GC heap after
{Heap after GC invocations=56 (full 0):
 garbage-first heap   total 121856K, used 60370K [0x0000000080000000, 0x0000000100000000)
  region size 1024K, 4 young (4096K), 4 survivors (4096K)
 Metaspace       used 58882K, committed 60224K, reserved 1114112K
  class space    used 7789K, committed 8448K, reserved 1048576K
}
Event: 121.032 GC heap before
{Heap before GC invocations=57 (full 0):
 garbage-first heap   total 121856K, used 110546K [0x0000000080000000, 0x0000000100000000)
  region size 1024K, 53 young (54272K), 4 survivors (4096K)
 Metaspace       used 58888K, committed 60224K, reserved 1114112K
  class space    used 7789K, committed 8448K, reserved 1048576K
}
Event: 121.168 GC heap after
{Heap after GC invocations=58 (full 0):
 garbage-first heap   total 121856K, used 61129K [0x0000000080000000, 0x0000000100000000)
  region size 1024K, 4 young (4096K), 4 survivors (4096K)
 Metaspace       used 58888K, committed 60224K, reserved 1114112K
  class space    used 7789K, committed 8448K, reserved 1048576K
}
Event: 121.784 GC heap before
{Heap before GC invocations=58 (full 0):
 garbage-first heap   total 121856K, used 110281K [0x0000000080000000, 0x0000000100000000)
  region size 1024K, 52 young (53248K), 4 survivors (4096K)
 Metaspace       used 58888K, committed 60224K, reserved 1114112K
  class space    used 7789K, committed 8448K, reserved 1048576K
}
Event: 121.920 GC heap after
{Heap after GC invocations=59 (full 0):
 garbage-first heap   total 121856K, used 61562K [0x0000000080000000, 0x0000000100000000)
  region size 1024K, 4 young (4096K), 4 survivors (4096K)
 Metaspace       used 58888K, committed 60224K, reserved 1114112K
  class space    used 7789K, committed 8448K, reserved 1048576K
}
Event: 123.177 GC heap before
{Heap before GC invocations=60 (full 0):
 garbage-first heap   total 121856K, used 109690K [0x0000000080000000, 0x0000000100000000)
  region size 1024K, 51 young (52224K), 4 survivors (4096K)
 Metaspace       used 58888K, committed 60224K, reserved 1114112K
  class space    used 7789K, committed 8448K, reserved 1048576K
}
Event: 123.187 GC heap after
{Heap after GC invocations=61 (full 0):
 garbage-first heap   total 121856K, used 61993K [0x0000000080000000, 0x0000000100000000)
  region size 1024K, 4 young (4096K), 4 survivors (4096K)
 Metaspace       used 58888K, committed 60224K, reserved 1114112K
  class space    used 7789K, committed 8448K, reserved 1048576K
}
Event: 126.701 GC heap before
{Heap before GC invocations=61 (full 0):
 garbage-first heap   total 121856K, used 110121K [0x0000000080000000, 0x0000000100000000)
  region size 1024K, 51 young (52224K), 4 survivors (4096K)
 Metaspace       used 59087K, committed 60416K, reserved 1114112K
  class space    used 7807K, committed 8448K, reserved 1048576K
}
Event: 126.706 GC heap after
{Heap after GC invocations=62 (full 0):
 garbage-first heap   total 121856K, used 57366K [0x0000000080000000, 0x0000000100000000)
  region size 1024K, 2 young (2048K), 2 survivors (2048K)
 Metaspace       used 59087K, committed 60416K, reserved 1114112K
  class space    used 7807K, committed 8448K, reserved 1048576K
}
Event: 129.015 GC heap before
{Heap before GC invocations=63 (full 0):
 garbage-first heap   total 121856K, used 111638K [0x0000000080000000, 0x0000000100000000)
  region size 1024K, 55 young (56320K), 2 survivors (2048K)
 Metaspace       used 59228K, committed 60544K, reserved 1114112K
  class space    used 7812K, committed 8448K, reserved 1048576K
}
Event: 129.029 GC heap after
{Heap after GC invocations=64 (full 0):
 garbage-first heap   total 121856K, used 58937K [0x0000000080000000, 0x0000000100000000)
  region size 1024K, 3 young (3072K), 3 survivors (3072K)
 Metaspace       used 59228K, committed 60544K, reserved 1114112K
  class space    used 7812K, committed 8448K, reserved 1048576K
}
Event: 129.532 GC heap before
{Heap before GC invocations=64 (full 0):
 garbage-first heap   total 121856K, used 111161K [0x0000000080000000, 0x0000000100000000)
  region size 1024K, 54 young (55296K), 3 survivors (3072K)
 Metaspace       used 59249K, committed 60544K, reserved 1114112K
  class space    used 7813K, committed 8448K, reserved 1048576K
}
Event: 129.673 GC heap after
{Heap after GC invocations=65 (full 0):
 garbage-first heap   total 121856K, used 59045K [0x0000000080000000, 0x0000000100000000)
  region size 1024K, 4 young (4096K), 4 survivors (4096K)
 Metaspace       used 59249K, committed 60544K, reserved 1114112K
  class space    used 7813K, committed 8448K, reserved 1048576K
}
Event: 131.760 GC heap before
{Heap before GC invocations=65 (full 0):
 garbage-first heap   total 121856K, used 109221K [0x0000000080000000, 0x0000000100000000)
  region size 1024K, 54 young (55296K), 4 survivors (4096K)
 Metaspace       used 59432K, committed 60736K, reserved 1114112K
  class space    used 7840K, committed 8512K, reserved 1048576K
}

